<?xml version="1.0" encoding="UTF-8"?>
<testsuite xmlns:xsi="http://www.w3.org/2001/XMLSchema-instance" xsi:noNamespaceSchemaLocation="https://maven.apache.org/surefire/maven-surefire-plugin/xsd/surefire-test-report.xsd" name="br.com.thiberio.script.testeiti.TesteItiApplicationTests" time="1.388" tests="6" errors="0" skipped="0" failures="0">
  <properties>
[...]
</properties>
  <testcase name="validarCategoriaMaiorGasto" classname="br.com.thiberio.script.testeiti.TesteItiApplicationTests" time="0.267"/>
  <testcase name="validarTotalGasto" classname="br.com.thiberio.script.testeiti.TesteItiApplicationTests" time="0.001"/>
  <testcase name="leituraArquivoInexistente" classname="br.com.thiberio.script.testeiti.TesteItiApplicationTests" time="0.002"/>
  <testcase name="contextLoads" classname="br.com.thiberio.script.testeiti.TesteItiApplicationTests" time="0.001"/>
  <testcase name="validarValorTotal" classname="br.com.thiberio.script.testeiti.TesteItiApplicationTests" time="0.001"/>
  <testcase name="validarGanhoDoMes" classname="br.com.thiberio.script.testeiti.TesteItiApplicationTests" time="0.001"/>
</testsuite>